<?xml version="1.0" encoding="UTF-8"?>
<testsuite name="bankproject.AppTest" tests="1" skipped="0" failures="0" errors="0" timestamp="2025-03-05T11:17:58" hostname="S-F4XVY64" time="0.011">
  <properties/>
  <testcase name="appHasAGreeting()" classname="bankproject.AppTest" time="0.011"/>
  <system-out><![CDATA[]]></system-out>
  <system-err><![CDATA[]]></system-err>
</testsuite>
